<?xml version="1.0" encoding="UTF-8"?>
<!-- Generated by org.testng.reporters.JUnitXMLReporter -->
<testsuite hostname="INMAA1-L0063" ignored="0" name="Default test" tests="1" failures="1" timestamp="2022-02-18T22:34:01 IST" time="1.469" errors="0">
  <testcase name="runScenario" time="0.157" classname="io.cucumber.testng.AbstractTestNGCucumberTests">
    <failure type="java.lang.IllegalArgumentException" message="Input must be set">
      <![CDATA[java.lang.IllegalArgumentException: Input must be set
at org.openqa.selenium.internal.Require.nonNull(Require.java:59)
at org.openqa.selenium.support.ui.FluentWait.<init>(FluentWait.java:97)
at org.openqa.selenium.support.ui.WebDriverWait.<init>(WebDriverWait.java:128)
at org.openqa.selenium.support.ui.WebDriverWait.<init>(WebDriverWait.java:61)
at assignmentSelenium.pageFactory.SearchPage.<init>(SearchPage.java:28)
at assignmentSelenium.stepDefns.SearchImplmn.navigate_to(SearchImplmn.java:24)
at ✽.Navigate to "https://shop.canadadrives.ca/cars/bc"(file:///C:/Users/vijayma/eclipse-workspace/assignmentSelenium/src/test/resources/Features/SearchTest.feature:6)
]]>
    </failure>
  </testcase> <!-- runScenario -->
</testsuite> <!-- Default test -->
