<?xml version="1.0" encoding="UTF-8"?>
<testng-results skipped="0" failed="0" ignored="0" total="1" passed="1">
  <reporter-output>
  </reporter-output>
  <suite name="Suite" duration-ms="25194" started-at="2022-02-23T22:24:10 IST" finished-at="2022-02-23T22:24:35 IST">
    <groups>
    </groups>
    <test name="Test" duration-ms="25194" started-at="2022-02-23T22:24:10 IST" finished-at="2022-02-23T22:24:35 IST">
      <class name="assignmentSelenium.testCases.BaseTest">
        <test-method status="PASS" signature="initDriver()[pri:0, instance:assignmentSelenium.testCases.BaseTest@1563da5]" name="initDriver" is-config="true" duration-ms="10760" started-at="2022-02-23T22:23:59 IST" finished-at="2022-02-23T22:24:10 IST">
          <reporter-output>
          </reporter-output>
        </test-method> <!-- initDriver -->
        <test-method status="PASS" signature="quitDriver()[pri:0, instance:assignmentSelenium.testCases.BaseTest@1563da5]" name="quitDriver" is-config="true" duration-ms="822" started-at="2022-02-23T22:24:35 IST" finished-at="2022-02-23T22:24:36 IST">
          <reporter-output>
          </reporter-output>
        </test-method> <!-- quitDriver -->
      </class> <!-- assignmentSelenium.testCases.BaseTest -->
      <class name="assignmentSelenium.testCases.SearchTest">
        <test-method status="PASS" signature="searchCars(java.lang.String, java.lang.String, java.lang.String)[pri:1, instance:assignmentSelenium.testCases.SearchTest@2bbf4b8b]" name="searchCars" duration-ms="25112" started-at="2022-02-23T22:24:10 IST" data-provider="contentsForBooking" finished-at="2022-02-23T22:24:35 IST">
          <params>
            <param index="0">
              <value>
                <![CDATA[Ontario]]>
              </value>
            </param>
            <param index="1">
              <value>
                <![CDATA[ Ram 1500]]>
              </value>
            </param>
            <param index="2">
              <value>
                <![CDATA[ 48 Months]]>
              </value>
            </param>
          </params>
          <reporter-output>
          </reporter-output>
        </test-method> <!-- searchCars -->
      </class> <!-- assignmentSelenium.testCases.SearchTest -->
    </test> <!-- Test -->
  </suite> <!-- Suite -->
</testng-results>
