<?xml version="1.0" encoding="UTF-8"?>
<testng-results skipped="0" failed="0" ignored="0" total="1" passed="1">
  <reporter-output>
  </reporter-output>
  <suite name="Suite" duration-ms="40253" started-at="2022-02-23T21:40:15 IST" finished-at="2022-02-23T21:40:55 IST">
    <groups>
      <group name="cucumber">
        <method signature="AbstractTestNGCucumberTests.runScenario(io.cucumber.testng.PickleWrapper, io.cucumber.testng.FeatureWrapper)[pri:0, instance:assignmentSelenium.testCases.TestRunnerBDD@c81cdd1]" name="runScenario" class="io.cucumber.testng.AbstractTestNGCucumberTests"/>
      </group> <!-- cucumber -->
    </groups>
    <test name="Test" duration-ms="40253" started-at="2022-02-23T21:40:15 IST" finished-at="2022-02-23T21:40:55 IST">
      <class name="assignmentSelenium.testCases.TestRunnerBDD">
        <test-method status="PASS" signature="setUpClass(org.testng.ITestContext)[pri:0, instance:assignmentSelenium.testCases.TestRunnerBDD@c81cdd1]" name="setUpClass" is-config="true" duration-ms="513" started-at="2022-02-23T21:40:15 IST" finished-at="2022-02-23T21:40:15 IST">
          <params>
            <param index="0">
              <value>
                <![CDATA[org.testng.TestRunner@53aa2fc9]]>
              </value>
            </param>
          </params>
          <reporter-output>
          </reporter-output>
        </test-method> <!-- setUpClass -->
        <test-method status="PASS" signature="runScenario(io.cucumber.testng.PickleWrapper, io.cucumber.testng.FeatureWrapper)[pri:0, instance:assignmentSelenium.testCases.TestRunnerBDD@c81cdd1]" name="runScenario" duration-ms="37609" started-at="2022-02-23T21:40:15 IST" description="Runs Cucumber Scenarios" data-provider="scenarios" finished-at="2022-02-23T21:40:53 IST">
          <params>
            <param index="0">
              <value>
                <![CDATA["Search cars based on make and model and select warranty"]]>
              </value>
            </param>
            <param index="1">
              <value>
                <![CDATA["Optional[Automate the following scenario using Java - Selenium web driver framework]"]]>
              </value>
            </param>
          </params>
          <reporter-output>
          </reporter-output>
        </test-method> <!-- runScenario -->
        <test-method status="PASS" signature="tearDownClass()[pri:0, instance:assignmentSelenium.testCases.TestRunnerBDD@c81cdd1]" name="tearDownClass" is-config="true" duration-ms="2095" started-at="2022-02-23T21:40:53 IST" finished-at="2022-02-23T21:40:55 IST">
          <reporter-output>
          </reporter-output>
        </test-method> <!-- tearDownClass -->
      </class> <!-- assignmentSelenium.testCases.TestRunnerBDD -->
    </test> <!-- Test -->
  </suite> <!-- Suite -->
</testng-results>
